<?xml version="1.0" encoding="UTF-8"?>
<!-- Generated by org.testng.reporters.JUnitReportReporter -->
<testsuite ignored="0" hostname="Qualitrix-LinuxPC" failures="0" tests="1" name="org.testscript.coursepage.VerifySetAndResetOfFiltersOnCoursePage" time="591.785" errors="0" timestamp="24 Apr 2019 22:21:57 GMT" skipped="0">
  <testcase classname="org.testscript.coursepage.VerifySetAndResetOfFiltersOnCoursePage" name="verifySetAndResetOfFiltersOnCoursePage" time="591.785"/>
</testsuite> <!-- org.testscript.coursepage.VerifySetAndResetOfFiltersOnCoursePage -->
