<?xml version="1.0" encoding="UTF-8"?>
<!-- Generated by org.testng.reporters.JUnitReportReporter -->
<testsuite ignored="0" hostname="DESKTOP-IAN6QC9" failures="0" tests="1" name="org.Diksha.testscripts.Diksha_TC_20" time="57.481" errors="0" timestamp="14 Aug 2018 08:22:45 GMT" skipped="0">
  <testcase classname="org.Diksha.testscripts.Diksha_TC_20" name="enrollToCourseInOpenBatchDiksha_TC_19" time="57.481"/>
</testsuite> <!-- org.Diksha.testscripts.Diksha_TC_20 -->
