<?xml version="1.0" encoding="UTF-8"?>
<!-- Generated by org.testng.reporters.JUnitReportReporter -->
<testsuite ignored="0" hostname="DESKTOP-IAN6QC9" failures="0" tests="1" name="org.open_sunbird.staging.testscripts.SampleTest5" time="36.512" errors="0" timestamp="29 Jun 2018 11:04:11 GMT" skipped="0">
  <testcase classname="org.open_sunbird.staging.testscripts.SampleTest5" name="testcase005" time="36.512"/>
</testsuite> <!-- org.open_sunbird.staging.testscripts.SampleTest5 -->
