<?xml version="1.0" encoding="UTF-8"?>
<!-- Generated by org.testng.reporters.JUnitReportReporter -->
<testsuite ignored="0" hostname="DESKTOP-IAN6QC9" failures="0" tests="1" name="org.open_Diksha.staging.testscripts.Announcement_TC07" time="55.974" errors="0" timestamp="09 Aug 2018 08:32:40 GMT" skipped="0">
  <testcase classname="org.open_Diksha.staging.testscripts.Announcement_TC07" name="resendAndEditAnnouncement_TC07" time="55.974"/>
</testsuite> <!-- org.open_Diksha.staging.testscripts.Announcement_TC07 -->
