<?xml version="1.0" encoding="UTF-8"?>
<!-- Generated by org.testng.reporters.JUnitReportReporter -->
<testsuite ignored="0" hostname="DESKTOP-IAN6QC9" failures="0" tests="1" name="org.open_sunbird.staging.testscripts.SampleTest4" time="43.680" errors="0" timestamp="29 Jun 2018 08:28:51 GMT" skipped="0">
  <testcase classname="org.open_sunbird.staging.testscripts.SampleTest4" name="testcase004" time="43.680"/>
</testsuite> <!-- org.open_sunbird.staging.testscripts.SampleTest4 -->
