<?xml version="1.0" encoding="UTF-8"?>
<!-- Generated by org.testng.reporters.JUnitReportReporter -->
<testsuite ignored="0" hostname="DESKTOP-IAN6QC9" failures="0" tests="1" name="org.open_Diksha.staging.testscripts.Diksha_TC_15_3" time="124.005" errors="0" timestamp="08 Aug 2018 16:47:35 GMT" skipped="0">
  <testcase classname="org.open_Diksha.staging.testscripts.Diksha_TC_15_3" name="uploadContentYOUTUBEDiksha_TC_15_3" time="124.005"/>
</testsuite> <!-- org.open_Diksha.staging.testscripts.Diksha_TC_15_3 -->
