<?xml version="1.0" encoding="UTF-8"?>
<!-- Generated by org.testng.reporters.JUnitReportReporter -->
<testsuite ignored="0" hostname="DESKTOP-IAN6QC9" failures="0" tests="1" name="org.testscripts.EditUploadedContent" time="133.060" errors="0" timestamp="10 Oct 2018 09:55:29 GMT" skipped="0">
  <testcase classname="org.testscripts.EditUploadedContent" name="editUploadedContent" time="133.060"/>
</testsuite> <!-- org.testscripts.EditUploadedContent -->
