<?xml version="1.0" encoding="UTF-8"?>
<!-- Generated by org.testng.reporters.JUnitReportReporter -->
<testsuite ignored="0" hostname="DESKTOP-IAN6QC9" failures="0" tests="1" name="org.open_Diksha.staging.testscripts.Diksha_TC_18_20" time="203.901" errors="0" timestamp="09 Aug 2018 11:57:55 GMT" skipped="0">
  <testcase classname="org.open_Diksha.staging.testscripts.Diksha_TC_18_20" name="consumeOpenCourseByPublicUserDiksha_TC_18" time="203.901"/>
</testsuite> <!-- org.open_Diksha.staging.testscripts.Diksha_TC_18_20 -->
