<?xml version="1.0" encoding="UTF-8"?>
<!-- Generated by org.testng.reporters.JUnitReportReporter -->
<testsuite ignored="0" hostname="DESKTOP-IAN6QC9" failures="0" tests="1" name="org.open_sunbird.staging.testscripts.SampleTest1" time="35.038" errors="0" timestamp="29 Jun 2018 08:08:32 GMT" skipped="0">
  <testcase classname="org.open_sunbird.staging.testscripts.SampleTest1" name="testcase001" time="35.038"/>
</testsuite> <!-- org.open_sunbird.staging.testscripts.SampleTest1 -->
