<?xml version="1.0" encoding="UTF-8"?>
<!-- Generated by org.testng.reporters.JUnitReportReporter -->
<testsuite ignored="0" hostname="DESKTOP-IAN6QC9" failures="0" tests="1" name="org.open_Diksha.staging.testscripts.Announcement_TC02" time="71.010" errors="0" timestamp="31 Jul 2018 05:40:37 GMT" skipped="0">
  <testcase classname="org.open_Diksha.staging.testscripts.Announcement_TC02" name="createAnnouncementSendForReview_TC02" time="71.010"/>
</testsuite> <!-- org.open_Diksha.staging.testscripts.Announcement_TC02 -->
