<?xml version="1.0" encoding="UTF-8"?>
<!-- Generated by org.testng.reporters.JUnitReportReporter -->
<testsuite ignored="0" hostname="DESKTOP-IAN6QC9" failures="0" tests="1" name="org.open_Diksha.staging.testscripts.Announcement_TC03" time="26.097" errors="0" timestamp="31 Jul 2018 05:41:25 GMT" skipped="0">
  <testcase classname="org.open_Diksha.staging.testscripts.Announcement_TC03" name="deleteAnnouncement_TC03" time="26.097"/>
</testsuite> <!-- org.open_Diksha.staging.testscripts.Announcement_TC03 -->
