<?xml version="1.0" encoding="UTF-8"?>
<!-- Generated by org.testng.reporters.JUnitReportReporter -->
<testsuite ignored="0" hostname="DESKTOP-IAN6QC9" failures="0" tests="1" name="org.open_Diksha.staging.testscripts.Creator_TC01" time="198.437" errors="0" timestamp="31 Jul 2018 10:48:25 GMT" skipped="0">
  <testcase classname="org.open_Diksha.staging.testscripts.Creator_TC01" name="testCase01" time="198.437"/>
</testsuite> <!-- org.open_Diksha.staging.testscripts.Creator_TC01 -->
