<?xml version="1.0" encoding="UTF-8"?>
<!-- Generated by org.testng.reporters.JUnitReportReporter -->
<testsuite ignored="0" hostname="DESKTOP-IAN6QC9" failures="0" tests="1" name="org.testscripts.CreateQuestionMTFAndVerify" time="254.283" errors="0" timestamp="09 Oct 2018 11:28:37 GMT" skipped="0">
  <testcase classname="org.testscripts.CreateQuestionMTFAndVerify" name="createQuestionMTFAndVerify" time="254.283"/>
</testsuite> <!-- org.testscripts.CreateQuestionMTFAndVerify -->
