<?xml version="1.0" encoding="UTF-8"?>
<!-- Generated by org.testng.reporters.JUnitReportReporter -->
<testsuite ignored="0" hostname="DESKTOP-IAN6QC9" failures="0" tests="1" name="org.open_Diksha.staging.testscripts.Diksha_TC_06_07_08" time="155.659" errors="0" timestamp="09 Aug 2018 11:28:09 GMT" skipped="0">
  <testcase classname="org.open_Diksha.staging.testscripts.Diksha_TC_06_07_08" name="createCollectionAndVerifyDiksha_TC_06_07_08" time="155.659"/>
</testsuite> <!-- org.open_Diksha.staging.testscripts.Diksha_TC_06_07_08 -->
