<?xml version="1.0" encoding="UTF-8"?>
<!-- Generated by org.testng.reporters.JUnitReportReporter -->
<testsuite ignored="0" hostname="DESKTOP-IAN6QC9" failures="0" tests="1" name="org.open_Diksha.staging.testscripts.Mentor_TC13" time="166.220" errors="0" timestamp="24 Jul 2018 10:55:32 GMT" skipped="0">
  <testcase classname="org.open_Diksha.staging.testscripts.Mentor_TC13" name="consumeCourseByInvitedMemberMentor_TC13" time="166.220"/>
</testsuite> <!-- org.open_Diksha.staging.testscripts.Mentor_TC13 -->
