<?xml version="1.0" encoding="UTF-8"?>
<!-- Generated by org.testng.reporters.JUnitReportReporter -->
<testsuite ignored="0" hostname="DESKTOP-IAN6QC9" failures="0" tests="1" name="org.open_Diksha.staging.testscripts.Diksha_TC_03_TC_04" time="34.491" errors="0" timestamp="01 Aug 2018 09:54:08 GMT" skipped="0">
  <testcase classname="org.open_Diksha.staging.testscripts.Diksha_TC_03_TC_04" name="creatorResourceAndVerifyDiksha_TC_03_TC_04" time="34.491"/>
</testsuite> <!-- org.open_Diksha.staging.testscripts.Diksha_TC_03_TC_04 -->
