<?xml version="1.0" encoding="UTF-8"?>
<!-- Generated by org.testng.reporters.JUnitReportReporter -->
<testsuite ignored="0" hostname="DESKTOP-IAN6QC9" failures="0" tests="1" name="org.open_Diksha.staging.testscripts.Admin_TC03" time="43.570" errors="0" timestamp="02 Jul 2018 08:45:04 GMT" skipped="0">
  <testcase classname="org.open_Diksha.staging.testscripts.Admin_TC03" name="testCase03" time="43.570"/>
</testsuite> <!-- org.open_Diksha.staging.testscripts.Admin_TC03 -->
