<?xml version="1.0" encoding="UTF-8"?>
<!-- Generated by org.testng.reporters.JUnitReportReporter -->
<testsuite ignored="0" hostname="DESKTOP-IAN6QC9" failures="0" tests="1" name="org.open_Diksha.staging.testscripts.Diksha_TC_15_5" time="132.000" errors="0" timestamp="08 Aug 2018 16:47:35 GMT" skipped="0">
  <testcase classname="org.open_Diksha.staging.testscripts.Diksha_TC_15_5" name="uploadContentHTMLDiksha_TC_15_5" time="132.000"/>
</testsuite> <!-- org.open_Diksha.staging.testscripts.Diksha_TC_15_5 -->
