<?xml version="1.0" encoding="UTF-8"?>
<!-- Generated by org.testng.reporters.JUnitReportReporter -->
<testsuite ignored="0" hostname="DESKTOP-IAN6QC9" failures="0" tests="1" name="org.open_Diksha.staging.testscripts.Announcement_TC05" time="36.740" errors="0" timestamp="31 Jul 2018 05:44:45 GMT" skipped="0">
  <testcase classname="org.open_Diksha.staging.testscripts.Announcement_TC05" name="resendAnnouncement_TC05" time="36.740"/>
</testsuite> <!-- org.open_Diksha.staging.testscripts.Announcement_TC05 -->
