<?xml version="1.0" encoding="UTF-8"?>
<!-- Generated by org.testng.reporters.JUnitReportReporter -->
<testsuite ignored="0" hostname="DESKTOP-IAN6QC9" failures="0" tests="1" name="org.testscripts.CreatorResourceAndVerify" time="236.039" errors="0" timestamp="09 Oct 2018 10:37:18 GMT" skipped="0">
  <testcase classname="org.testscripts.CreatorResourceAndVerify" name="creatorResourceAndVerify" time="236.039"/>
</testsuite> <!-- org.testscripts.CreatorResourceAndVerify -->
