<?xml version="1.0" encoding="UTF-8"?>
<!-- Generated by org.testng.reporters.JUnitReportReporter -->
<testsuite ignored="0" hostname="DESKTOP-IAN6QC9" failures="0" tests="1" name="org.open_sunbird.staging.testscripts.Admin_TC04" time="248.469" errors="0" timestamp="28 Jun 2018 15:38:52 GMT" skipped="0">
  <testcase classname="org.open_sunbird.staging.testscripts.Admin_TC04" name="testCase04" time="248.469"/>
</testsuite> <!-- org.open_sunbird.staging.testscripts.Admin_TC04 -->
