<?xml version="1.0" encoding="UTF-8"?>
<!-- Generated by org.testng.reporters.JUnitReportReporter -->
<testsuite ignored="0" hostname="DESKTOP-IAN6QC9" failures="0" tests="1" name="org.Diksha.testscripts.Diksha_TC_26" time="53.273" errors="0" timestamp="27 Sep 2018 10:34:17 GMT" skipped="0">
  <testcase classname="org.Diksha.testscripts.Diksha_TC_26" name="deleteTheCreatedContentDiksha_TC_01_TC_02" time="53.273"/>
</testsuite> <!-- org.Diksha.testscripts.Diksha_TC_26 -->
