<?xml version="1.0" encoding="UTF-8"?>
<!-- Generated by org.testng.reporters.JUnitReportReporter -->
<testsuite ignored="0" hostname="Qualitrix-LinuxPC" failures="0" tests="1" name="org.testscript.coursepage.VerifyCourseCreationDatadisplayedCorrectly" time="53.917" errors="0" timestamp="24 Apr 2019 22:21:57 GMT" skipped="1">
  <testcase classname="org.testscript.coursepage.VerifyCourseCreationDatadisplayedCorrectly" name="verifyCourseCreationDatadisplayedCorrectly" time="53.917">
    <skipped/>
  </testcase> <!-- verifyCourseCreationDatadisplayedCorrectly -->
</testsuite> <!-- org.testscript.coursepage.VerifyCourseCreationDatadisplayedCorrectly -->
