<?xml version="1.0" encoding="UTF-8"?>
<!-- Generated by org.testng.reporters.JUnitReportReporter -->
<testsuite ignored="0" hostname="DESKTOP-IAN6QC9" failures="0" tests="1" name="org.Diksha.testscripts.Diksha_TC_21" time="25.068" errors="0" timestamp="14 Aug 2018 08:22:45 GMT" skipped="0">
  <testcase classname="org.Diksha.testscripts.Diksha_TC_21" name="consumeTheCourseDiksha_TC_20" time="25.068"/>
</testsuite> <!-- org.Diksha.testscripts.Diksha_TC_21 -->
