<?xml version="1.0" encoding="UTF-8"?>
<!-- Generated by org.testng.reporters.JUnitReportReporter -->
<testsuite ignored="0" hostname="Qualitrix-LinuxPC" failures="0" tests="1" name="org.testscript.coursepage.VerifyBatchIsEditableWhenOpenedFromCoursesSection" time="127.442" errors="0" timestamp="24 Apr 2019 22:21:57 GMT" skipped="0">
  <testcase classname="org.testscript.coursepage.VerifyBatchIsEditableWhenOpenedFromCoursesSection" name="verifyBatchIsEditableWhenOpenedFromCoursesSection" time="127.442"/>
</testsuite> <!-- org.testscript.coursepage.VerifyBatchIsEditableWhenOpenedFromCoursesSection -->
