<?xml version="1.0" encoding="UTF-8"?>
<!-- Generated by org.testng.reporters.JUnitReportReporter -->
<testsuite ignored="0" hostname="DESKTOP-IAN6QC9" failures="0" tests="1" name="org.open_sunbird.staging.testscripts.Admin_TC06" time="0.004" errors="0" timestamp="28 Jun 2018 15:38:52 GMT" skipped="1">
  <testcase classname="org.open_sunbird.staging.testscripts.Admin_TC06" name="testCase06" time="0.004">
    <skipped/>
  </testcase> <!-- testCase06 -->
</testsuite> <!-- org.open_sunbird.staging.testscripts.Admin_TC06 -->
