<?xml version="1.0" encoding="UTF-8"?>
<!-- Generated by org.testng.reporters.JUnitReportReporter -->
<testsuite ignored="0" hostname="DESKTOP-IAN6QC9" failures="0" tests="1" name="org.open_Diksha.staging.testscripts.Diksha_TC_15_2" time="130.235" errors="0" timestamp="09 Aug 2018 08:51:49 GMT" skipped="0">
  <testcase classname="org.open_Diksha.staging.testscripts.Diksha_TC_15_2" name="uploadContentWEBMDiksha_TC_15_2" time="130.235"/>
</testsuite> <!-- org.open_Diksha.staging.testscripts.Diksha_TC_15_2 -->
