<?xml version="1.0" encoding="UTF-8"?>
<!-- Generated by org.testng.reporters.JUnitReportReporter -->
<testsuite ignored="0" hostname="DESKTOP-IAN6QC9" failures="0" tests="1" name="org.open_Diksha.staging.testscripts.Diksha_TC_18" time="218.869" errors="0" timestamp="08 Aug 2018 16:47:35 GMT" skipped="0">
  <testcase classname="org.open_Diksha.staging.testscripts.Diksha_TC_18" name="consumeOpenCourseByPublicUserDiksha_TC_18" time="218.869"/>
</testsuite> <!-- org.open_Diksha.staging.testscripts.Diksha_TC_18 -->
