<?xml version="1.0" encoding="UTF-8"?>
<!-- Generated by org.testng.reporters.JUnitReportReporter -->
<testsuite ignored="0" hostname="DESKTOP-IAN6QC9" failures="0" tests="1" name="org.open_Diksha.staging.testscripts.Diksha_TC_01_TC_02" time="213.446" errors="0" timestamp="09 Aug 2018 11:37:02 GMT" skipped="0">
  <testcase classname="org.open_Diksha.staging.testscripts.Diksha_TC_01_TC_02" name="creatorResourceAndVerifyDiksha_TC_01_TC_02" time="213.446"/>
</testsuite> <!-- org.open_Diksha.staging.testscripts.Diksha_TC_01_TC_02 -->
