<?xml version="1.0" encoding="UTF-8"?>
<!-- Generated by org.testng.reporters.JUnitReportReporter -->
<testsuite ignored="0" hostname="DESKTOP-IAN6QC9" failures="0" tests="1" name="org.testscripts.Diksha_TC_23" time="269.108" errors="0" timestamp="05 Oct 2018 06:01:49 GMT" skipped="0">
  <testcase classname="org.testscripts.Diksha_TC_23" name="createQuestionMTFAndVerifyDiksha_TC_23" time="269.108"/>
</testsuite> <!-- org.testscripts.Diksha_TC_23 -->
