<?xml version="1.0" encoding="UTF-8"?>
<!-- Generated by org.testng.reporters.JUnitReportReporter -->
<testsuite ignored="0" hostname="DESKTOP-IAN6QC9" failures="0" tests="1" name="org.open_Diksha.staging.testscripts.Creator_TC04" time="124.911" errors="0" timestamp="27 Jul 2018 06:55:48 GMT" skipped="0">
  <testcase classname="org.open_Diksha.staging.testscripts.Creator_TC04" name="uploadMP4AndPublishCreator_TC04" time="124.911"/>
</testsuite> <!-- org.open_Diksha.staging.testscripts.Creator_TC04 -->
