<?xml version="1.0" encoding="UTF-8"?>
<!-- Generated by org.testng.reporters.JUnitReportReporter -->
<testsuite ignored="0" hostname="Qualitrix-LinuxPC" failures="0" tests="1" name="org.testscript.workspace.VerifyPaginationForWorkspace" time="112.727" errors="0" timestamp="24 Apr 2019 22:21:57 GMT" skipped="0">
  <testcase classname="org.testscript.workspace.VerifyPaginationForWorkspace" name="verifyPaginationForWorkspace" time="112.727"/>
</testsuite> <!-- org.testscript.workspace.VerifyPaginationForWorkspace -->
