<?xml version="1.0" encoding="UTF-8"?>
<!-- Generated by org.testng.reporters.JUnitReportReporter -->
<testsuite ignored="0" hostname="Qualitrix-LinuxPC" failures="0" tests="1" name="org.testscript.librarypage.AddNotesToContentInLibraryAndDelete" time="138.366" errors="0" timestamp="25 Apr 2019 09:20:52 GMT" skipped="0">
  <testcase classname="org.testscript.librarypage.AddNotesToContentInLibraryAndDelete" name="addNotesToContentInLibraryAndDelete" time="138.366"/>
</testsuite> <!-- org.testscript.librarypage.AddNotesToContentInLibraryAndDelete -->
