<?xml version="1.0" encoding="UTF-8"?>
<!-- Generated by org.testng.reporters.JUnitReportReporter -->
<testsuite ignored="0" hostname="DESKTOP-IAN6QC9" failures="0" tests="1" name="org.open_Diksha.staging.testscripts.Diksha_TC_21" time="26.051" errors="0" timestamp="31 Jul 2018 06:18:40 GMT" skipped="0">
  <testcase classname="org.open_Diksha.staging.testscripts.Diksha_TC_21" name="consumeTheCourseDiksha_TC_20" time="26.051"/>
</testsuite> <!-- org.open_Diksha.staging.testscripts.Diksha_TC_21 -->
