<?xml version="1.0" encoding="UTF-8"?>
<!-- Generated by org.testng.reporters.JUnitReportReporter -->
<testsuite ignored="0" hostname="Qualitrix-LinuxPC" failures="0" tests="1" name="org.testscript.explorecoursepage.LanguageTranslateInExploreCourse" time="93.537" errors="0" timestamp="24 Apr 2019 22:21:57 GMT" skipped="0">
  <testcase classname="org.testscript.explorecoursepage.LanguageTranslateInExploreCourse" name="languageTranslateInExploreCourse" time="93.537"/>
</testsuite> <!-- org.testscript.explorecoursepage.LanguageTranslateInExploreCourse -->
