<?xml version="1.0" encoding="UTF-8"?>
<!-- Generated by org.testng.reporters.JUnitReportReporter -->
<testsuite ignored="0" hostname="DESKTOP-IAN6QC9" failures="0" tests="1" name="org.open_Diksha.staging.testscripts.Mentor_TC05" time="149.394" errors="0" timestamp="24 Jul 2018 10:59:11 GMT" skipped="0">
  <testcase classname="org.open_Diksha.staging.testscripts.Mentor_TC05" name="inviteOrgMemberInBatchMentor_TC05" time="149.394"/>
</testsuite> <!-- org.open_Diksha.staging.testscripts.Mentor_TC05 -->
