<?xml version="1.0" encoding="UTF-8"?>
<!-- Generated by org.testng.reporters.JUnitReportReporter -->
<testsuite ignored="0" hostname="DESKTOP-IAN6QC9" failures="0" tests="1" name="org.open_Diksha.staging.testscripts.Announcement_TC09" time="78.195" errors="0" timestamp="31 Jul 2018 05:49:57 GMT" skipped="0">
  <testcase classname="org.open_Diksha.staging.testscripts.Announcement_TC09" name="createAnnouncementWithAttachment_TC09" time="78.195"/>
</testsuite> <!-- org.open_Diksha.staging.testscripts.Announcement_TC09 -->
