<?xml version="1.0" encoding="UTF-8"?>
<!-- Generated by org.testng.reporters.JUnitReportReporter -->
<testsuite ignored="0" hostname="DESKTOP-IAN6QC9" failures="0" tests="1" name="org.open_Diksha.staging.testscripts.Diksha_TC_12_13_14" time="315.056" errors="0" timestamp="08 Aug 2018 16:47:34 GMT" skipped="0">
  <testcase classname="org.open_Diksha.staging.testscripts.Diksha_TC_12_13_14" name="createLessonAndVerifyDiksha_TC_12_13_14" time="315.056"/>
</testsuite> <!-- org.open_Diksha.staging.testscripts.Diksha_TC_12_13_14 -->
