<?xml version="1.0" encoding="UTF-8"?>
<!-- Generated by org.testng.reporters.JUnitReportReporter -->
<testsuite ignored="0" hostname="DESKTOP-IAN6QC9" failures="0" tests="1" name="org.open_Diksha.staging.testscripts.Diksha_TC_15_1" time="127.531" errors="0" timestamp="09 Aug 2018 09:40:15 GMT" skipped="0">
  <testcase classname="org.open_Diksha.staging.testscripts.Diksha_TC_15_1" name="uploadContentMP4Diksha_TC_15_1" time="127.531"/>
</testsuite> <!-- org.open_Diksha.staging.testscripts.Diksha_TC_15_1 -->
