<?xml version="1.0" encoding="UTF-8"?>
<!-- Generated by org.testng.reporters.JUnitReportReporter -->
<testsuite ignored="0" hostname="DESKTOP-IAN6QC9" failures="0" tests="1" name="org.open_Diksha.staging.testscripts.SampleTest8" time="31.931" errors="0" timestamp="01 Jul 2018 18:53:48 GMT" skipped="0">
  <testcase classname="org.open_Diksha.staging.testscripts.SampleTest8" name="testcase008" time="31.931"/>
</testsuite> <!-- org.open_Diksha.staging.testscripts.SampleTest8 -->
