<?xml version="1.0" encoding="UTF-8"?>
<!-- Generated by org.testng.reporters.JUnitReportReporter -->
<testsuite ignored="0" hostname="DESKTOP-IAN6QC9" failures="0" tests="1" name="org.testscripts.UploadContentPDF" time="145.928" errors="0" timestamp="09 Oct 2018 08:46:41 GMT" skipped="0">
  <testcase classname="org.testscripts.UploadContentPDF" name="uploadContentPDF" time="145.928"/>
</testsuite> <!-- org.testscripts.UploadContentPDF -->
