<?xml version="1.0" encoding="UTF-8"?>
<!-- Generated by org.testng.reporters.JUnitReportReporter -->
<testsuite ignored="0" hostname="DESKTOP-IAN6QC9" failures="0" tests="1" name="org.Diksha.testscripts.Diksha_TC_22" time="288.766" errors="0" timestamp="01 Oct 2018 06:31:07 GMT" skipped="0">
  <testcase classname="org.Diksha.testscripts.Diksha_TC_22" name="createQuestionMCQAndVerifyDiksha_TC_22" time="288.766"/>
</testsuite> <!-- org.Diksha.testscripts.Diksha_TC_22 -->
