<?xml version="1.0" encoding="UTF-8"?>
<!-- Generated by org.testng.reporters.JUnitReportReporter -->
<testsuite ignored="0" hostname="DESKTOP-IAN6QC9" failures="0" tests="1" name="org.open_Diksha.staging.testscripts.Diksha_TC_15_7" time="134.569" errors="0" timestamp="09 Aug 2018 09:44:17 GMT" skipped="0">
  <testcase classname="org.open_Diksha.staging.testscripts.Diksha_TC_15_7" name="uploadContentPDFDiksha_TC_15_7" time="134.569"/>
</testsuite> <!-- org.open_Diksha.staging.testscripts.Diksha_TC_15_7 -->
