<?xml version="1.0" encoding="UTF-8"?>
<!-- Generated by org.testng.reporters.JUnitReportReporter -->
<testsuite ignored="0" hostname="DESKTOP-IAN6QC9" failures="0" tests="1" name="org.open_sunbird.staging.testscripts.SampleTest3" time="25.665" errors="0" timestamp="29 Jun 2018 08:12:45 GMT" skipped="0">
  <testcase classname="org.open_sunbird.staging.testscripts.SampleTest3" name="testcase003" time="25.665"/>
</testsuite> <!-- org.open_sunbird.staging.testscripts.SampleTest3 -->
