<?xml version="1.0" encoding="UTF-8"?>
<!-- Generated by org.testng.reporters.JUnitReportReporter -->
<testsuite ignored="0" hostname="DESKTOP-IAN6QC9" failures="0" tests="1" name="org.open_Diksha.staging.testscripts.Mentor10" time="60.382" errors="0" timestamp="14 Jul 2018 11:15:49 GMT" skipped="0">
  <testcase classname="org.open_Diksha.staging.testscripts.Mentor10" name="testcaseMentor10" time="60.382"/>
</testsuite> <!-- org.open_Diksha.staging.testscripts.Mentor10 -->
