<?xml version="1.0" encoding="UTF-8"?>
<!-- Generated by org.testng.reporters.JUnitReportReporter -->
<testsuite ignored="0" hostname="Qualitrix-LinuxPC" failures="0" tests="1" name="org.testscript.coursepage.VerifyUserConsumptionStatusAfterHalfCompletion" time="44.514" errors="0" timestamp="24 Apr 2019 22:21:57 GMT" skipped="1">
  <testcase classname="org.testscript.coursepage.VerifyUserConsumptionStatusAfterHalfCompletion" name="verifyUserConsumptionStatusAfterHalfCompletion" time="44.514">
    <skipped/>
  </testcase> <!-- verifyUserConsumptionStatusAfterHalfCompletion -->
</testsuite> <!-- org.testscript.coursepage.VerifyUserConsumptionStatusAfterHalfCompletion -->
