<?xml version="1.0" encoding="UTF-8"?>
<!-- Generated by org.testng.reporters.JUnitReportReporter -->
<testsuite ignored="0" hostname="DESKTOP-IAN6QC9" failures="0" tests="1" name="org.open_Diksha.staging.testscripts.Announcement_TC01" time="21.011" errors="0" timestamp="03 Aug 2018 10:38:51 GMT" skipped="0">
  <testcase classname="org.open_Diksha.staging.testscripts.Announcement_TC01" name="announcementDashboard_TC01" time="21.011"/>
</testsuite> <!-- org.open_Diksha.staging.testscripts.Announcement_TC01 -->
