<?xml version="1.0" encoding="UTF-8"?>
<!-- Generated by org.testng.reporters.JUnitReportReporter -->
<testsuite ignored="0" hostname="DESKTOP-IAN6QC9" failures="0" tests="1" name="org.open_Diksha.staging.testscripts.Mentor_TC03" time="88.687" errors="0" timestamp="31 Jul 2018 12:53:02 GMT" skipped="0">
  <testcase classname="org.open_Diksha.staging.testscripts.Mentor_TC03" name="checkAvailabilityCourseForInvitedMemberInMentor_TC03" time="88.687"/>
</testsuite> <!-- org.open_Diksha.staging.testscripts.Mentor_TC03 -->
